<component name="libraryTable">
  <library name="junit4">
    <CLASSES>
      <root url="jar://$JETBRAINS_LIBRARIES$/junit4.jar!/" />
    </CLASSES>
    <JAVADOC />
    <SOURCES />
  </library>
</component>